d:\desktop\jw\final\sniffer\sniffer\x64\release\sniffer.pch
d:\desktop\jw\final\sniffer\sniffer\x64\release\vc142.pdb
d:\desktop\jw\final\sniffer\sniffer\x64\release\pch.obj
d:\desktop\jw\final\sniffer\sniffer\x64\release\util.obj
d:\desktop\jw\final\sniffer\sniffer\x64\release\snifferdlg.obj
d:\desktop\jw\final\sniffer\sniffer\x64\release\sniffer.obj
d:\desktop\jw\final\sniffer\sniffer\x64\release\sniffer.exe
d:\desktop\jw\final\sniffer\sniffer\x64\release\sniffer.pdb
d:\desktop\jw\final\sniffer\sniffer\x64\release\sniffer.res
d:\desktop\jw\final\sniffer\sniffer\x64\release\sniffer.ipdb
d:\desktop\jw\final\sniffer\sniffer\x64\release\sniffer.iobj
d:\desktop\jw\final\sniffer\sniffer\x64\release\sniffer.tlog\cl.command.1.tlog
d:\desktop\jw\final\sniffer\sniffer\x64\release\sniffer.tlog\cl.read.1.tlog
d:\desktop\jw\final\sniffer\sniffer\x64\release\sniffer.tlog\cl.write.1.tlog
d:\desktop\jw\final\sniffer\sniffer\x64\release\sniffer.tlog\link.command.1.tlog
d:\desktop\jw\final\sniffer\sniffer\x64\release\sniffer.tlog\link.read.1.tlog
d:\desktop\jw\final\sniffer\sniffer\x64\release\sniffer.tlog\link.write.1.tlog
d:\desktop\jw\final\sniffer\sniffer\x64\release\sniffer.tlog\rc.command.1.tlog
d:\desktop\jw\final\sniffer\sniffer\x64\release\sniffer.tlog\rc.read.1.tlog
d:\desktop\jw\final\sniffer\sniffer\x64\release\sniffer.tlog\rc.write.1.tlog
d:\desktop\jw\final\sniffer\sniffer\x64\release\sniffer.tlog\sniffer.write.1u.tlog
